flutter workspace/jojobusdriver/build/app/intermediates/manifest_merge_blame_file/debug/manifest-merger-blame-debug-report.txt
1<?xml version="1.0" encoding="utf-8"?>
2<manifest xmlns:android="http://schemas.android.com/apk/res/android"
3    package="com.basezero.jojobusdriver"
4    android:versionCode="1"
5    android:versionName="1.0.0" >
6
7    <uses-sdk
8        android:minSdkVersion="16"
9        android:targetSdkVersion="28" />
10    <!--
11         Flutter needs it to communicate with the running application
12         to allow setting breakpoints, to provide hot reload, etc.
13    -->
14    <uses-permission android:name="android.permission.INTERNET" />
14-->src/debug/AndroidManifest.xml:6:5-66
14-->src/debug/AndroidManifest.xml:6:22-64
15    <uses-permission android:name="android.permission.WAKE_LOCK" />
15-->[tslocationmanager-3.0.38.aar] AndroidManifest.xml:3:5-67
15-->[tslocationmanager-3.0.38.aar] AndroidManifest.xml:3:22-65
16    <uses-permission android:name="android.permission.ACCESS_NETWORK_STATE" />
16-->[tslocationmanager-3.0.38.aar] AndroidManifest.xml:4:5-78
16-->[tslocationmanager-3.0.38.aar] AndroidManifest.xml:4:22-76
17    <uses-permission android:name="android.permission.ACCESS_BACKGROUND_LOCATION" />
17-->[tslocationmanager-3.0.38.aar] AndroidManifest.xml:5:5-84
17-->[tslocationmanager-3.0.38.aar] AndroidManifest.xml:5:22-82
18    <uses-permission android:name="android.permission.ACCESS_COARSE_LOCATION" />
18-->[tslocationmanager-3.0.38.aar] AndroidManifest.xml:6:5-80
18-->[tslocationmanager-3.0.38.aar] AndroidManifest.xml:6:22-78
19    <uses-permission android:name="android.permission.ACTIVITY_RECOGNITION" />
19-->[tslocationmanager-3.0.38.aar] AndroidManifest.xml:7:5-78
19-->[tslocationmanager-3.0.38.aar] AndroidManifest.xml:7:22-76
20    <uses-permission android:name="android.permission.ACCESS_FINE_LOCATION" />
20-->[tslocationmanager-3.0.38.aar] AndroidManifest.xml:8:5-78
20-->[tslocationmanager-3.0.38.aar] AndroidManifest.xml:8:22-76
21    <uses-permission android:name="android.permission.ACCESS_LOCATION_EXTRA_COMMANDS" />
21-->[tslocationmanager-3.0.38.aar] AndroidManifest.xml:9:5-88
21-->[tslocationmanager-3.0.38.aar] AndroidManifest.xml:9:22-86
22    <uses-permission android:name="android.permission.FOREGROUND_SERVICE" />
22-->[tslocationmanager-3.0.38.aar] AndroidManifest.xml:11:5-76
22-->[tslocationmanager-3.0.38.aar] AndroidManifest.xml:11:22-74
23    <uses-permission android:name="com.google.android.gms.permission.ACTIVITY_RECOGNITION" />
23-->[tslocationmanager-3.0.38.aar] AndroidManifest.xml:12:5-93
23-->[tslocationmanager-3.0.38.aar] AndroidManifest.xml:12:22-91
24    <uses-permission android:name="android.permission.RECEIVE_BOOT_COMPLETED" />
24-->[tslocationmanager-3.0.38.aar] AndroidManifest.xml:13:5-80
24-->[tslocationmanager-3.0.38.aar] AndroidManifest.xml:13:22-78
25    <uses-permission android:name="android.permission.GET_TASKS" /> <!-- device-specific permissions for DeviceSettings methods -->
25-->[tslocationmanager-3.0.38.aar] AndroidManifest.xml:14:5-67
25-->[tslocationmanager-3.0.38.aar] AndroidManifest.xml:14:22-65
26    <uses-permission android:name="oppo.permission.OPPO_COMPONENT_SAFE" />
26-->[tslocationmanager-3.0.38.aar] AndroidManifest.xml:16:5-74
26-->[tslocationmanager-3.0.38.aar] AndroidManifest.xml:16:22-72
27    <uses-permission android:name="com.huawei.permission.external_app_settings.USE_COMPONENT" />
27-->[tslocationmanager-3.0.38.aar] AndroidManifest.xml:17:5-96
27-->[tslocationmanager-3.0.38.aar] AndroidManifest.xml:17:22-94
28
29    <uses-feature
29-->[tslocationmanager-3.0.38.aar] AndroidManifest.xml:18:5-90
30        android:name="android.hardware.location.gps"
30-->[tslocationmanager-3.0.38.aar] AndroidManifest.xml:18:19-63
31        android:required="false" />
31-->[tslocationmanager-3.0.38.aar] AndroidManifest.xml:18:64-88
32
33    <uses-permission android:name="android.permission.CAMERA" />
33-->[:qrcode_reader] AndroidManifest.xml:11:5-65
33-->[:qrcode_reader] AndroidManifest.xml:11:22-62
34    <!--
35 io.flutter.app.FlutterApplication is an android.app.Application that
36         calls FlutterMain.startInitialization(this); in its onCreate method.
37         In most cases you can leave this as-is, but you if you want to provide
38         additional functionality it is fine to subclass or reimplement
39         FlutterApplication and put your custom class here.
40    -->
41    <application
41-->src/main/AndroidManifest.xml:8:5-31:19
42        android:name="io.flutter.app.FlutterApplication"
42-->src/main/AndroidManifest.xml:9:9-57
43        android:appComponentFactory="androidx.core.app.CoreComponentFactory"
43-->[androidx.core:core:1.0.1] AndroidManifest.xml:22:18-86
44        android:debuggable="true"
45        android:icon="@mipmap/ic_launcher"
45-->src/main/AndroidManifest.xml:11:9-43
46        android:label="@string/app_name" >
46-->[:flutter_background_geolocation] AndroidManifest.xml:7:18-50
47        <activity
47-->src/main/AndroidManifest.xml:12:9-30:20
48            android:name="com.basezero.jojobusdriver.MainActivity"
48-->src/main/AndroidManifest.xml:13:13-41
49            android:configChanges="orientation|keyboardHidden|keyboard|screenSize|smallestScreenSize|locale|layoutDirection|fontScale|screenLayout|density|uiMode"
49-->src/main/AndroidManifest.xml:16:13-163
50            android:hardwareAccelerated="true"
50-->src/main/AndroidManifest.xml:17:13-47
51            android:launchMode="singleTop"
51-->src/main/AndroidManifest.xml:14:13-43
52            android:theme="@style/LaunchTheme"
52-->src/main/AndroidManifest.xml:15:13-47
53            android:windowSoftInputMode="adjustResize" >
53-->src/main/AndroidManifest.xml:18:13-55
54
55            <!--
56                 This keeps the window background of the activity showing
57                 until Flutter renders its first frame. It can be removed if
58                 there is no splash screen (such as the default splash screen
59                 defined in @style/LaunchTheme).
60            -->
61            <meta-data
61-->src/main/AndroidManifest.xml:23:13-25:40
62                android:name="io.flutter.app.android.SplashScreenUntilFirstFrame"
62-->src/main/AndroidManifest.xml:24:17-82
63                android:value="true" />
63-->src/main/AndroidManifest.xml:25:17-37
64
65            <intent-filter>
65-->src/main/AndroidManifest.xml:26:13-29:29
66                <action android:name="android.intent.action.MAIN" />
66-->src/main/AndroidManifest.xml:27:17-68
66-->src/main/AndroidManifest.xml:27:25-66
67
68                <category android:name="android.intent.category.LAUNCHER" />
68-->src/main/AndroidManifest.xml:28:17-76
68-->src/main/AndroidManifest.xml:28:27-74
69            </intent-filter>
70        </activity>
71        <activity
71-->[tslocationmanager-3.0.38.aar] AndroidManifest.xml:20:9-219
72            android:name="com.transistorsoft.locationmanager.activity.TSLocationManagerActivity"
72-->[tslocationmanager-3.0.38.aar] AndroidManifest.xml:20:19-103
73            android:excludeFromRecents="true"
73-->[tslocationmanager-3.0.38.aar] AndroidManifest.xml:20:104-137
74            android:launchMode="singleInstance"
74-->[tslocationmanager-3.0.38.aar] AndroidManifest.xml:20:138-173
75            android:theme="@style/AppTheme.Transparent" />
75-->[tslocationmanager-3.0.38.aar] AndroidManifest.xml:20:174-217
76
77        <service android:name="com.transistorsoft.locationmanager.service.TrackingService" />
77-->[tslocationmanager-3.0.38.aar] AndroidManifest.xml:21:9-93
77-->[tslocationmanager-3.0.38.aar] AndroidManifest.xml:21:18-91
78        <service android:name="com.transistorsoft.locationmanager.service.LocationRequestService" />
78-->[tslocationmanager-3.0.38.aar] AndroidManifest.xml:22:9-100
78-->[tslocationmanager-3.0.38.aar] AndroidManifest.xml:22:18-98
79        <service android:name="com.transistorsoft.locationmanager.service.HeartbeatService" />
79-->[tslocationmanager-3.0.38.aar] AndroidManifest.xml:23:9-94
79-->[tslocationmanager-3.0.38.aar] AndroidManifest.xml:23:18-92
80        <service android:name="com.transistorsoft.locationmanager.service.ActivityRecognitionService" />
80-->[tslocationmanager-3.0.38.aar] AndroidManifest.xml:24:9-104
80-->[tslocationmanager-3.0.38.aar] AndroidManifest.xml:24:18-102
81        <service android:name="com.transistorsoft.locationmanager.service.GeofencingService" />
81-->[tslocationmanager-3.0.38.aar] AndroidManifest.xml:25:9-95
81-->[tslocationmanager-3.0.38.aar] AndroidManifest.xml:25:18-93
82        <service android:name="com.transistorsoft.locationmanager.service.BackgroundTaskService" />
82-->[tslocationmanager-3.0.38.aar] AndroidManifest.xml:26:9-99
82-->[tslocationmanager-3.0.38.aar] AndroidManifest.xml:26:18-97
83
84        <receiver android:name="com.transistorsoft.locationmanager.scheduler.ScheduleAlarmReceiver" />
84-->[tslocationmanager-3.0.38.aar] AndroidManifest.xml:27:9-102
84-->[tslocationmanager-3.0.38.aar] AndroidManifest.xml:27:19-100
85
86        <service android:name="com.transistorsoft.locationmanager.scheduler.ScheduleService" />
86-->[tslocationmanager-3.0.38.aar] AndroidManifest.xml:28:9-95
86-->[tslocationmanager-3.0.38.aar] AndroidManifest.xml:28:18-93
87        <service
87-->[tslocationmanager-3.0.38.aar] AndroidManifest.xml:29:9-179
88            android:name="com.transistorsoft.locationmanager.scheduler.ScheduleJobService"
88-->[tslocationmanager-3.0.38.aar] AndroidManifest.xml:29:18-96
89            android:exported="true"
89-->[tslocationmanager-3.0.38.aar] AndroidManifest.xml:29:97-120
90            android:permission="android.permission.BIND_JOB_SERVICE" />
90-->[tslocationmanager-3.0.38.aar] AndroidManifest.xml:29:121-177
91
92        <receiver android:name="com.transistorsoft.locationmanager.BootReceiver" >
92-->[tslocationmanager-3.0.38.aar] AndroidManifest.xml:30:9-35:20
92-->[tslocationmanager-3.0.38.aar] AndroidManifest.xml:30:19-81
93            <intent-filter>
93-->[tslocationmanager-3.0.38.aar] AndroidManifest.xml:31:13-34:29
94                <action android:name="android.intent.action.BOOT_COMPLETED" />
94-->[tslocationmanager-3.0.38.aar] AndroidManifest.xml:32:17-78
94-->[tslocationmanager-3.0.38.aar] AndroidManifest.xml:32:25-76
95                <action android:name="android.intent.action.MY_PACKAGE_REPLACED" />
95-->[tslocationmanager-3.0.38.aar] AndroidManifest.xml:33:17-83
95-->[tslocationmanager-3.0.38.aar] AndroidManifest.xml:33:25-81
96            </intent-filter>
97        </receiver>
98
99        <provider
99-->[tslocationmanager-3.0.38.aar] AndroidManifest.xml:36:9-38:20
100            android:name="com.transistorsoft.locationmanager.util.LogFileProvider"
100-->[tslocationmanager-3.0.38.aar] AndroidManifest.xml:36:19-89
101            android:authorities="com.basezero.jojobusdriver.tslocationmanager.fileprovider"
101-->[tslocationmanager-3.0.38.aar] AndroidManifest.xml:36:90-159
102            android:exported="false"
102-->[tslocationmanager-3.0.38.aar] AndroidManifest.xml:36:160-184
103            android:grantUriPermissions="true" >
103-->[tslocationmanager-3.0.38.aar] AndroidManifest.xml:36:185-219
104            <meta-data
104-->[tslocationmanager-3.0.38.aar] AndroidManifest.xml:37:13-137
105                android:name="android.support.FILE_PROVIDER_PATHS"
105-->[tslocationmanager-3.0.38.aar] AndroidManifest.xml:37:24-74
106                android:resource="@xml/tslocationmanager_file_provider_path" />
106-->[tslocationmanager-3.0.38.aar] AndroidManifest.xml:37:75-135
107        </provider> <!-- HeadlessJS For android sdk 21+ uses new JobScheduler API -->
108        <service
108-->[:background_fetch] AndroidManifest.xml:10:9-13:72
109            android:name="com.transistorsoft.flutter.backgroundfetch.HeadlessJobService"
109-->[:background_fetch] AndroidManifest.xml:11:13-89
110            android:exported="true"
110-->[:background_fetch] AndroidManifest.xml:12:13-36
111            android:permission="android.permission.BIND_JOB_SERVICE" /> <!-- HeadlessJS For Android sdk <21 uses old AlarmManager API -->
111-->[:background_fetch] AndroidManifest.xml:13:13-69
112        <receiver android:name="com.transistorsoft.flutter.backgroundfetch.HeadlessBroadcastReceiver" >
112-->[:background_fetch] AndroidManifest.xml:15:9-19:20
112-->[:background_fetch] AndroidManifest.xml:15:19-102
113            <intent-filter>
113-->[:background_fetch] AndroidManifest.xml:16:13-18:29
114                <action android:name="com.basezero.jojobusdriver.event.BACKGROUND_FETCH" />
114-->[:background_fetch] AndroidManifest.xml:17:17-82
114-->[:background_fetch] AndroidManifest.xml:17:25-79
115            </intent-filter>
116        </receiver>
117        <receiver android:name="com.transistorsoft.tsbackgroundfetch.FetchAlarmReceiver" />
117-->[tsbackgroundfetch-0.3.3.aar] AndroidManifest.xml:15:9-92
117-->[tsbackgroundfetch-0.3.3.aar] AndroidManifest.xml:15:19-89
118
119        <service
119-->[tsbackgroundfetch-0.3.3.aar] AndroidManifest.xml:17:9-20:72
120            android:name="com.transistorsoft.tsbackgroundfetch.FetchJobService"
120-->[tsbackgroundfetch-0.3.3.aar] AndroidManifest.xml:18:13-80
121            android:exported="true"
121-->[tsbackgroundfetch-0.3.3.aar] AndroidManifest.xml:19:13-36
122            android:permission="android.permission.BIND_JOB_SERVICE" />
122-->[tsbackgroundfetch-0.3.3.aar] AndroidManifest.xml:20:13-69
123
124        <receiver android:name="com.transistorsoft.tsbackgroundfetch.BootReceiver" >
124-->[tsbackgroundfetch-0.3.3.aar] AndroidManifest.xml:22:9-27:20
124-->[tsbackgroundfetch-0.3.3.aar] AndroidManifest.xml:22:19-83
125            <intent-filter>
125-->[tslocationmanager-3.0.38.aar] AndroidManifest.xml:31:13-34:29
126                <action android:name="android.intent.action.BOOT_COMPLETED" />
126-->[tslocationmanager-3.0.38.aar] AndroidManifest.xml:32:17-78
126-->[tslocationmanager-3.0.38.aar] AndroidManifest.xml:32:25-76
127                <action android:name="android.intent.action.MY_PACKAGE_REPLACED" />
127-->[tslocationmanager-3.0.38.aar] AndroidManifest.xml:33:17-83
127-->[tslocationmanager-3.0.38.aar] AndroidManifest.xml:33:25-81
128            </intent-filter>
129        </receiver>
130
131        <activity
131-->[:qrcode_reader] AndroidManifest.xml:14:9-17:63
132            android:name="com.matheusvillela.flutter.plugins.qrcodereader.QRScanActivity"
132-->[:qrcode_reader] AndroidManifest.xml:15:13-90
133            android:configChanges="keyboard|keyboardHidden|screenLayout|screenSize|orientation"
133-->[:qrcode_reader] AndroidManifest.xml:16:13-96
134            android:theme="@android:style/Theme.NoTitleBar" />
134-->[:qrcode_reader] AndroidManifest.xml:17:13-60
135        <activity
135-->[com.google.android.gms:play-services-base:16.0.1] AndroidManifest.xml:23:9-26:75
136            android:name="com.google.android.gms.common.api.GoogleApiActivity"
136-->[com.google.android.gms:play-services-base:16.0.1] AndroidManifest.xml:24:13-79
137            android:exported="false"
137-->[com.google.android.gms:play-services-base:16.0.1] AndroidManifest.xml:25:13-37
138            android:theme="@android:style/Theme.Translucent.NoTitleBar" />
138-->[com.google.android.gms:play-services-base:16.0.1] AndroidManifest.xml:26:13-72
139
140        <meta-data
140-->[com.google.android.gms:play-services-basement:16.0.1] AndroidManifest.xml:23:9-25:69
141            android:name="com.google.android.gms.version"
141-->[com.google.android.gms:play-services-basement:16.0.1] AndroidManifest.xml:24:13-58
142            android:value="@integer/google_play_services_version" />
142-->[com.google.android.gms:play-services-basement:16.0.1] AndroidManifest.xml:25:13-66
143
144        <activity
144-->[com.intentfilter:android-permissions:0.1.8] AndroidManifest.xml:12:9-15:59
145            android:name="com.intentfilter.androidpermissions.PermissionsActivity"
145-->[com.intentfilter:android-permissions:0.1.8] AndroidManifest.xml:13:13-83
146            android:excludeFromRecents="true"
146-->[com.intentfilter:android-permissions:0.1.8] AndroidManifest.xml:14:13-46
147            android:theme="@style/AppTheme.Transparent" />
147-->[com.intentfilter:android-permissions:0.1.8] AndroidManifest.xml:15:13-56
148    </application>
149
150</manifest>